{
  "RSpec": {
    "coverage": {
      "/Users/id/src/me/turing-salaries/spec/model/city_spec.rb": [
        1,
        null,
        1,
        1,
        2,
        2,
        2,
        null,
        null,
        1,
        null,
        null,
        1,
        null,
        null
      ],
      "/Users/id/src/me/turing-salaries/spec/model/job_spec.rb": [
        1,
        null,
        1,
        1,
        2,
        2,
        null,
        2,
        2,
        2,
        null,
        1,
        null,
        null,
        null,
        null,
        null,
        null,
        null,
        null,
        null,
        null,
        null,
        null,
        1,
        22,
        22,
        22,
        22,
        null,
        null,
        null,
        null,
        1,
        null,
        null,
        1,
        null,
        null
      ],
      "/Users/id/src/me/turing-salaries/spec/model/region_spec.rb": [
        1,
        null,
        1,
        1,
        2,
        null,
        null,
        1,
        null,
        null,
        1,
        null,
        null
      ],
      "/Users/id/src/me/turing-salaries/spec/model/user_spec.rb": [
        1,
        null,
        1,
        1,
        2,
        2,
        null,
        2,
        2,
        2,
        null,
        null,
        1,
        null,
        null,
        1,
        null,
        null
      ],
      "/Users/id/src/me/turing-salaries/spec/factories/city.rb": [
        1,
        1,
        1,
        null,
        null
      ],
      "/Users/id/src/me/turing-salaries/spec/factories/city_region.rb": [
        1,
        1,
        1,
        1,
        null,
        null
      ],
      "/Users/id/src/me/turing-salaries/spec/factories/job.rb": [
        1,
        1,
        1,
        1,
        1,
        1,
        1,
        null,
        1,
        1,
        null,
        1,
        1,
        null,
        1,
        1,
        1,
        1,
        null,
        1,
        1,
        1,
        1,
        null,
        1,
        1,
        1,
        1,
        null,
        1,
        1,
        1,
        null,
        1,
        1,
        null,
        1,
        1,
        null,
        1,
        1,
        null,
        1,
        null,
        1,
        null,
        null
      ],
      "/Users/id/src/me/turing-salaries/spec/factories/region.rb": [
        1,
        1,
        1,
        null,
        null
      ],
      "/Users/id/src/me/turing-salaries/spec/factories/user.rb": [
        1,
        1,
        1,
        1,
        1,
        1,
        1,
        null,
        null,
        1,
        1,
        1,
        1,
        null,
        null
      ],
      "/Users/id/src/me/turing-salaries/app/controllers/jobs_controller.rb": [
        1,
        1,
        1,
        null,
        null,
        1,
        null,
        null,
        1,
        null,
        null,
        1,
        null,
        null,
        1,
        null,
        null
      ],
      "/Users/id/src/me/turing-salaries/app/controllers/application_controller.rb": [
        1,
        null
      ]
    },
    "timestamp": 1547967131
  }
}
